<?xml version="1.0" encoding="UTF-8"?>
<TestRun id="69ea97e0-668a-4719-9802-965b051a8d7c" name="Imran@DESKTOP-6BDV2BA 2018-08-27 22:15:27" runUser="DESKTOP-6BDV2BA\Imran" xmlns="http://microsoft.com/schemas/VisualStudio/TeamTest/2010">
  <TestSettings name="Default Test Settings" id="535cddcb-a820-4633-8869-06e3505361ec">
    <Execution>
      <TestTypeSpecific />
      <AgentRule name="Execution Agents">
      </AgentRule>
    </Execution>
    <Deployment runDeploymentRoot="Imran_DESKTOP-6BDV2BA 2018-08-27 22_15_27" />
    <Properties />
  </TestSettings>
  <Times creation="2018-08-27T22:15:27.7022676+10:00" queuing="2018-08-27T22:15:28.3968443+10:00" start="2018-08-27T22:15:28.4593425+10:00" finish="2018-08-27T22:15:28.8343304+10:00" />
  <ResultSummary outcome="Completed">
    <Counters total="1" executed="1" passed="1" error="0" failed="0" timeout="0" aborted="0" inconclusive="0" passedButRunAborted="0" notRunnable="0" notExecuted="0" disconnected="0" warning="0" completed="0" inProgress="0" pending="0" />
  </ResultSummary>
  <TestDefinitions>
    <UnitTest name="TestMethod1" storage="testjenkinca.dll" id="3fb8eb06-903f-91c6-69b0-0a33da68b5da">
      <Execution id="d20182ad-0647-4283-891d-a797f01401b0" />
      <TestMethod codeBase="C:/Users/Imran/Documents/Visual Studio 2013/Projects/JenkinCA/TestJenkinCA/bin/Debug/testjenkinca.dll" adapterTypeName="Microsoft.VisualStudio.TestTools.TestTypes.Unit.UnitTestAdapter, Microsoft.VisualStudio.QualityTools.Tips.UnitTest.Adapter, Version=12.0.0.0, Culture=neutral, PublicKeyToken=b03f5f7f11d50a3a" className="TestJenkinCA.UnitTest1, TestJenkinCA, Version=1.0.0.0, Culture=neutral, PublicKeyToken=null" name="TestMethod1" />
    </UnitTest>
  </TestDefinitions>
  <TestLists>
    <TestList name="Results Not in a List" id="8c84fa94-04c1-424b-9868-57a2d4851a1d" />
    <TestList name="All Loaded Results" id="19431567-8539-422a-85d7-44ee4e166bda" />
  </TestLists>
  <TestEntries>
    <TestEntry testId="3fb8eb06-903f-91c6-69b0-0a33da68b5da" executionId="d20182ad-0647-4283-891d-a797f01401b0" testListId="8c84fa94-04c1-424b-9868-57a2d4851a1d" />
  </TestEntries>
  <Results>
    <UnitTestResult executionId="d20182ad-0647-4283-891d-a797f01401b0" testId="3fb8eb06-903f-91c6-69b0-0a33da68b5da" testName="TestMethod1" computerName="DESKTOP-6BDV2BA" duration="00:00:00.0150557" startTime="2018-08-27T22:15:28.5374639+10:00" endTime="2018-08-27T22:15:28.8030793+10:00" testType="13cdc9d9-ddb5-4fa4-a97d-d965ccfc6d4b" outcome="Passed" testListId="8c84fa94-04c1-424b-9868-57a2d4851a1d" relativeResultsDirectory="d20182ad-0647-4283-891d-a797f01401b0">
    </UnitTestResult>
  </Results>
</TestRun>